Traceback (most recent call last):
  File "/ceph/home/schrefl/jax_dev/mumag_matrixfree2/src/mesh.py", line 2334, in <module>
    main()
  File "/ceph/home/schrefl/jax_dev/mumag_matrixfree2/src/mesh.py", line 2282, in main
    run_single_solid_mesher(
  File "/ceph/home/schrefl/jax_dev/mumag_matrixfree2/src/mesh.py", line 1565, in run_single_solid_mesher
    knt, ijk = mesh_backend_neper_poly(
  File "/ceph/home/schrefl/jax_dev/mumag_matrixfree2/src/mesh.py", line 1920, in mesh_backend_neper_poly
    subprocess.run(cmd_tess, check=True)
  File "/usr/lib/python3.10/subprocess.py", line 503, in run
    with Popen(*popenargs, **kwargs) as process:
  File "/usr/lib/python3.10/subprocess.py", line 971, in __init__
    self._execute_child(args, executable, preexec_fn, close_fds,
  File "/usr/lib/python3.10/subprocess.py", line 1863, in _execute_child
    raise child_exception_type(errno_num, err_msg, err_filename)
FileNotFoundError: [Errno 2] No such file or directory: 'neper'
Traceback (most recent call last):
  File "/ceph/home/schrefl/jax_dev/mumag_matrixfree2/examples/evaluate_materials/generate_structures.py", line 60, in <module>
    main()
  File "/ceph/home/schrefl/jax_dev/mumag_matrixfree2/examples/evaluate_materials/generate_structures.py", line 43, in main
    subprocess.run(mesh_cmd, cwd=struct_dir, check=True)
  File "/usr/lib/python3.10/subprocess.py", line 526, in run
    raise CalledProcessError(retcode, process.args,
subprocess.CalledProcessError: Command '['/usr/bin/python', '/ceph/home/schrefl/jax_dev/mumag_matrixfree2/src/mesh.py', '--geom', 'poly', '--n', '8', '--id', '124', '--extent', '80,80,80']' returned non-zero exit status 1.
